{"level":"info","message":"Database connected to mongodb://localhost:27017/pkloop...","timestamp":"2019-11-15T12:51:53.059Z"}
{"level":"info","message":"Database connected to mongodb://localhost:27017/pkloop...","timestamp":"2019-11-15T12:55:27.287Z"}
{"level":"info","message":"Database connected to mongodb://localhost:27017/pkloop...","timestamp":"2019-11-15T12:57:23.348Z"}
{"level":"info","message":"Database connected to mongodb://localhost:27017/pkloop...","timestamp":"2019-11-15T13:03:00.369Z"}
{"level":"info","message":"Database connected to mongodb://localhost:27017/pkloop...","timestamp":"2019-11-15T13:04:09.799Z"}
{"level":"info","message":"Database connected to mongodb://localhost:27017/pkloop...","timestamp":"2019-11-15T13:05:43.116Z"}
{"level":"info","message":"Database connected to mongodb://localhost:27017/pkloop...","timestamp":"2019-11-15T15:12:04.689Z"}
{"level":"info","message":"Database connected to mongodb://localhost:27017/pkloop...","timestamp":"2019-11-15T15:13:38.019Z"}
{"level":"info","message":"Database connected to mongodb://localhost:27017/pkloop...","timestamp":"2019-11-15T15:23:07.549Z"}
{"level":"info","message":"Database connected to mongodb://localhost:27017/pkloop...","timestamp":"2019-11-15T15:23:32.390Z"}
{"level":"info","message":"Database connected to mongodb://localhost:27017/pkloop...","timestamp":"2019-11-15T15:28:14.670Z"}
{"level":"info","message":"Database connected to mongodb://localhost:27017/pkloop...","timestamp":"2019-11-15T15:29:54.836Z"}
{"level":"info","message":"Database connected to mongodb://localhost:27017/pkloop...","timestamp":"2019-11-15T15:31:07.216Z"}
{"level":"info","message":"Database connected to mongodb://localhost:27017/pkloop...","timestamp":"2019-11-15T15:33:00.849Z"}
{"level":"info","message":"Database connected to mongodb://localhost:27017/pkloop...","timestamp":"2019-11-15T15:34:10.864Z"}
{"level":"info","message":"Database connected to mongodb://localhost:27017/pkloop...","timestamp":"2019-11-15T16:07:32.539Z"}
{"level":"info","message":"Database connected to mongodb://localhost:27017/pkloop...","timestamp":"2019-11-15T16:10:58.374Z"}
{"level":"info","message":"Database connected to mongodb://localhost:27017/pkloop...","timestamp":"2019-11-15T16:11:13.765Z"}
{"level":"info","message":"Database connected to mongodb://localhost:27017/pkloop...","timestamp":"2019-11-16T06:15:47.888Z"}
{"level":"info","message":"Database connected to mongodb://localhost:27017/pkloop...","timestamp":"2019-11-16T06:17:38.029Z"}
{"level":"info","message":"Database connected to mongodb://localhost:27017/pkloop...","timestamp":"2019-11-16T06:18:13.494Z"}
{"level":"info","message":"Database connected to mongodb://localhost:27017/pkloop...","timestamp":"2019-11-16T06:18:47.904Z"}
{"level":"info","message":"Database connected to mongodb://localhost:27017/pkloop...","timestamp":"2019-11-16T06:19:43.787Z"}
{"level":"info","message":"Database connected to mongodb://localhost:27017/pkloop...","timestamp":"2019-11-16T06:23:56.383Z"}
{"level":"info","message":"Database connected to mongodb://localhost:27017/pkloop...","timestamp":"2019-11-16T06:25:00.988Z"}
{"level":"info","message":"Database connected to mongodb://localhost:27017/pkloop...","timestamp":"2019-11-16T06:25:47.749Z"}
{"level":"info","message":"Database connected to mongodb://localhost:27017/pkloop...","timestamp":"2019-11-16T06:26:54.519Z"}
{"level":"info","message":"Database connected to mongodb://localhost:27017/pkloop...","timestamp":"2019-11-16T06:58:05.085Z"}
{"level":"info","message":"Database connected to mongodb://localhost:27017/pkloop...","timestamp":"2019-11-16T06:59:07.377Z"}
{"level":"info","message":"Database connected to mongodb://localhost:27017/pkloop...","timestamp":"2019-11-16T07:02:27.450Z"}
{"level":"info","message":"Database connected to mongodb://localhost:27017/pkloop...","timestamp":"2019-11-16T07:03:26.034Z"}
{"level":"info","message":"Database connected to mongodb://localhost:27017/pkloop...","timestamp":"2019-11-16T07:04:42.963Z"}
{"level":"info","message":"Database connected to mongodb://localhost:27017/pkloop...","timestamp":"2019-11-16T07:05:10.376Z"}
{"level":"info","message":"Database connected to mongodb://localhost:27017/pkloop...","timestamp":"2019-11-16T07:15:25.059Z"}
{"level":"info","message":"Database connected to mongodb://localhost:27017/pkloop...","timestamp":"2019-11-18T16:06:31.435Z"}
{"level":"info","message":"Database connected to mongodb://localhost:27017/pkloop...","timestamp":"2019-11-27T18:26:39.294Z"}
{"level":"info","message":"Database connected to mongodb://localhost:27017/pkloop...","timestamp":"2019-11-28T10:53:36.641Z"}
{"level":"info","message":"Database connected to mongodb://localhost:27017/pkloop...","timestamp":"2019-12-02T17:06:02.856Z"}
{"level":"info","message":"Database connected to mongodb://localhost:27017/pkloop...","timestamp":"2019-12-03T15:02:25.996Z"}
{"level":"info","message":"Database connected to mongodb://localhost:27017/pkloop...","timestamp":"2019-12-03T15:03:07.183Z"}
{"level":"error","message":"Unexpected string in JSON at position 69","timestamp":"2019-12-03T15:23:54.232Z"}
{"level":"info","message":"Database connected to mongodb://localhost:27017/pkloop...","timestamp":"2019-12-03T15:27:34.791Z"}
{"level":"info","message":"Database connected to mongodb://localhost:27017/pkloop...","timestamp":"2019-12-03T16:45:45.590Z"}
{"level":"info","message":"Database connected to mongodb+srv://jephtah:Character94%40@pkloop-qa5ko.mongodb.net/test?retryWrites=true&w=majority...","timestamp":"2019-12-03T17:19:43.285Z"}
{"level":"info","message":"Database connected to mongodb://localhost:27017/pkloop...","timestamp":"2019-12-04T10:43:45.187Z"}
{"level":"error","message":"Unexpected string in JSON at position 129","timestamp":"2019-12-04T10:51:00.827Z"}
{"level":"info","message":"Database connected to mongodb://localhost:27017/pkloop...","timestamp":"2019-12-04T11:54:56.566Z"}
{"level":"info","message":"Database connected to mongodb://localhost:27017/pkloop...","timestamp":"2019-12-04T12:03:25.706Z"}
{"level":"info","message":"Database connected to mongodb://localhost:27017/pkloop...","timestamp":"2019-12-04T12:06:26.893Z"}
{"level":"info","message":"Database connected to mongodb://localhost:27017/pkloop...","timestamp":"2019-12-04T12:07:31.278Z"}
{"level":"info","message":"Database connected to mongodb://localhost:27017/pkloop...","timestamp":"2019-12-04T12:08:33.920Z"}
{"level":"info","message":"Database connected to mongodb://localhost:27017/pkloop...","timestamp":"2019-12-04T12:09:26.914Z"}
{"level":"info","message":"Database connected to mongodb://localhost:27017/pkloop...","timestamp":"2019-12-04T12:09:34.973Z"}
{"level":"info","message":"Database connected to mongodb://localhost:27017/pkloop...","timestamp":"2019-12-04T12:09:57.514Z"}
{"level":"info","message":"Database connected to mongodb://localhost:27017/pkloop...","timestamp":"2019-12-04T12:10:35.548Z"}
{"level":"info","message":"Database connected to mongodb://localhost:27017/pkloop...","timestamp":"2019-12-04T12:11:42.785Z"}
{"level":"info","message":"Database connected to mongodb://localhost:27017/pkloop...","timestamp":"2019-12-04T12:14:10.050Z"}
{"level":"info","message":"Database connected to mongodb://localhost:27017/pkloop...","timestamp":"2019-12-04T12:15:11.393Z"}
{"level":"info","message":"Database connected to mongodb://localhost:27017/pkloop...","timestamp":"2019-12-04T12:15:44.250Z"}
{"level":"info","message":"Database connected to mongodb://localhost:27017/pkloop...","timestamp":"2019-12-04T12:21:24.400Z"}
{"level":"info","message":"Database connected to mongodb://localhost:27017/pkloop...","timestamp":"2019-01-01T00:06:41.153Z"}
{"level":"info","message":"Database connected to mongodb://localhost:27017/pkloop...","timestamp":"2019-01-01T00:09:16.321Z"}
{"level":"info","message":"Database connected to mongodb://localhost:27017/pkloop...","timestamp":"2019-01-01T00:09:33.018Z"}
{"level":"info","message":"Database connected to mongodb://localhost:27017/pkloop...","timestamp":"2019-12-04T12:33:58.208Z"}
{"level":"info","message":"Database connected to mongodb://localhost:27017/pkloop...","timestamp":"2019-12-04T12:36:24.343Z"}
{"level":"info","message":"Database connected to mongodb://localhost:27017/pkloop...","timestamp":"2019-12-04T12:36:51.727Z"}
{"level":"info","message":"Database connected to mongodb://localhost:27017/pkloop...","timestamp":"2019-12-04T12:55:50.131Z"}
{"level":"info","message":"Database connected to mongodb://localhost:27017/pkloop...","timestamp":"2019-12-04T12:57:02.754Z"}
{"level":"info","message":"Database connected to mongodb://localhost:27017/pkloop...","timestamp":"2019-12-04T12:57:22.504Z"}
{"level":"info","message":"Database connected to mongodb://localhost:27017/pkloop...","timestamp":"2019-12-04T13:01:51.584Z"}
{"level":"info","message":"Database connected to mongodb://localhost:27017/pkloop...","timestamp":"2019-12-04T13:02:02.211Z"}
{"level":"info","message":"Database connected to mongodb://localhost:27017/pkloop...","timestamp":"2019-12-04T13:03:29.405Z"}
{"level":"info","message":"Database connected to mongodb://localhost:27017/pkloop...","timestamp":"2019-12-04T13:08:43.259Z"}
{"level":"info","message":"Database connected to mongodb://localhost:27017/pkloop...","timestamp":"2019-12-04T13:10:20.953Z"}
{"level":"info","message":"Database connected to mongodb://localhost:27017/pkloop...","timestamp":"2019-12-04T13:14:40.086Z"}
{"level":"info","message":"Database connected to mongodb://localhost:27017/pkloop...","timestamp":"2019-12-04T13:19:05.739Z"}
{"level":"info","message":"Database connected to mongodb://localhost:27017/pkloop...","timestamp":"2019-12-04T13:35:54.620Z"}
{"level":"info","message":"Database connected to mongodb://localhost:27017/pkloop...","timestamp":"2019-12-04T13:37:24.069Z"}
{"level":"info","message":"Database connected to mongodb://localhost:27017/pkloop...","timestamp":"2019-12-04T13:39:47.271Z"}
{"level":"info","message":"Database connected to mongodb://localhost:27017/pkloop...","timestamp":"2019-12-04T13:41:31.400Z"}
{"level":"info","message":"Database connected to mongodb://localhost:27017/pkloop...","timestamp":"2019-12-04T13:41:53.581Z"}
{"level":"info","message":"Database connected to mongodb://localhost:27017/pkloop...","timestamp":"2019-12-04T13:43:15.882Z"}
{"level":"info","message":"Database connected to mongodb://localhost:27017/pkloop...","timestamp":"2019-12-04T14:21:47.927Z"}
{"level":"info","message":"Database connected to mongodb://localhost:27017/pkloop...","timestamp":"2019-12-04T15:23:29.100Z"}
{"level":"info","message":"Database connected to mongodb://localhost:27017/pkloop...","timestamp":"2019-12-04T15:25:56.891Z"}
{"level":"info","message":"Database connected to mongodb://localhost:27017/pkloop...","timestamp":"2019-12-05T18:29:51.276Z"}
{"level":"info","message":"Database connected to mongodb://localhost:27017/pkloop...","timestamp":"2019-12-05T18:31:22.952Z"}
{"level":"info","message":"Database connected to mongodb+srv://jephtah:Character94%40@pkloop-qa5ko.mongodb.net/test?retryWrites=true&w=majority...","timestamp":"2019-12-09T15:29:54.738Z"}
{"level":"info","message":"Database connected to mongodb+srv://jephtah:Character94%40@pkloop-qa5ko.mongodb.net/test?retryWrites=true&w=majority...","timestamp":"2019-12-09T15:34:40.620Z"}
{"level":"info","message":"Database connected to mongodb+srv://jephtah:Character94%40@pkloop-qa5ko.mongodb.net/test?retryWrites=true&w=majority...","timestamp":"2019-12-09T15:35:08.468Z"}
{"level":"info","message":"Database connected to mongodb+srv://jephtah:Character94%40@pkloop-qa5ko.mongodb.net/test?retryWrites=true&w=majority...","timestamp":"2019-12-09T15:44:51.662Z"}
{"level":"info","message":"Database connected to mongodb+srv://jephtah:Character94%40@pkloop-qa5ko.mongodb.net/test?retryWrites=true&w=majority...","timestamp":"2019-12-09T15:45:35.217Z"}
{"level":"info","message":"Database connected to mongodb+srv://jephtah:Character94%40@pkloop-qa5ko.mongodb.net/test?retryWrites=true&w=majority...","timestamp":"2019-12-09T17:48:53.795Z"}
{"level":"info","message":"Database connected to mongodb+srv://jephtah:Character94%40@pkloop-qa5ko.mongodb.net/test?retryWrites=true&w=majority...","timestamp":"2019-12-09T20:42:17.591Z"}
{"level":"info","message":"Database connected to mongodb+srv://jephtah:Character94%40@pkloop-qa5ko.mongodb.net/test?retryWrites=true&w=majority...","timestamp":"2019-12-09T20:43:15.538Z"}
{"level":"info","message":"Database connected to mongodb+srv://jephtah:Character94%40@pkloop-qa5ko.mongodb.net/test?retryWrites=true&w=majority...","timestamp":"2019-12-09T20:45:38.789Z"}
{"level":"info","message":"Database connected to mongodb+srv://jephtah:Character94%40@pkloop-qa5ko.mongodb.net/test?retryWrites=true&w=majority...","timestamp":"2019-12-09T20:57:35.180Z"}
{"level":"info","message":"Database connected to mongodb+srv://jephtah:Character94%40@pkloop-qa5ko.mongodb.net/test?retryWrites=true&w=majority...","timestamp":"2019-12-09T20:58:28.831Z"}
{"level":"info","message":"Database connected to mongodb+srv://jephtah:Character94%40@pkloop-qa5ko.mongodb.net/test?retryWrites=true&w=majority...","timestamp":"2019-12-09T21:01:59.273Z"}
{"level":"error","message":"Unexpected number in JSON at position 88","timestamp":"2019-12-09T21:14:56.725Z"}
{"level":"info","message":"Database connected to mongodb+srv://jephtah:Character94%40@pkloop-qa5ko.mongodb.net/test?retryWrites=true&w=majority...","timestamp":"2019-12-09T21:15:42.637Z"}
{"level":"info","message":"Database connected to mongodb+srv://jephtah:Character94%40@pkloop-qa5ko.mongodb.net/test?retryWrites=true&w=majority...","timestamp":"2019-12-10T09:57:09.671Z"}
{"level":"info","message":"Database connected to mongodb+srv://jephtah:Character94%40@pkloop-qa5ko.mongodb.net/test?retryWrites=true&w=majority...","timestamp":"2019-12-10T17:48:42.181Z"}
{"level":"info","message":"Database connected to mongodb+srv://jephtah:Character94%40@pkloop-qa5ko.mongodb.net/test?retryWrites=true&w=majority...","timestamp":"2019-12-10T17:50:39.723Z"}
{"level":"info","message":"Database connected to mongodb+srv://jephtah:Character94%40@pkloop-qa5ko.mongodb.net/test?retryWrites=true&w=majority...","timestamp":"2019-12-10T18:07:30.837Z"}
{"level":"info","message":"Database connected to mongodb+srv://jephtah:Character94%40@pkloop-qa5ko.mongodb.net/test?retryWrites=true&w=majority...","timestamp":"2019-12-10T18:07:58.971Z"}
{"level":"info","message":"Database connected to mongodb+srv://jephtah:Character94%40@pkloop-qa5ko.mongodb.net/test?retryWrites=true&w=majority...","timestamp":"2019-12-10T18:08:18.001Z"}
{"level":"info","message":"Database connected to mongodb+srv://jephtah:Character94%40@pkloop-qa5ko.mongodb.net/test?retryWrites=true&w=majority...","timestamp":"2019-12-11T14:59:27.337Z"}
{"level":"info","message":"Database connected to mongodb+srv://jephtah:Character94%40@pkloop-qa5ko.mongodb.net/test?retryWrites=true&w=majority...","timestamp":"2019-12-11T15:28:44.520Z"}
{"level":"info","message":"Database connected to mongodb+srv://jephtah:Character94%40@pkloop-qa5ko.mongodb.net/test?retryWrites=true&w=majority...","timestamp":"2019-12-11T15:29:19.703Z"}
{"level":"info","message":"Database connected to mongodb+srv://jephtah:Character94%40@pkloop-qa5ko.mongodb.net/test?retryWrites=true&w=majority...","timestamp":"2019-12-11T15:29:33.370Z"}
{"level":"info","message":"Database connected to mongodb+srv://jephtah:Character94%40@pkloop-qa5ko.mongodb.net/test?retryWrites=true&w=majority...","timestamp":"2019-12-11T15:29:39.608Z"}
{"level":"info","message":"Database connected to mongodb+srv://jephtah:Character94%40@pkloop-qa5ko.mongodb.net/test?retryWrites=true&w=majority...","timestamp":"2019-12-11T15:30:30.482Z"}
{"level":"info","message":"Database connected to mongodb+srv://jephtah:Character94%40@pkloop-qa5ko.mongodb.net/test?retryWrites=true&w=majority...","timestamp":"2019-12-11T15:32:18.737Z"}
{"level":"info","message":"Database connected to mongodb+srv://jephtah:Character94%40@pkloop-qa5ko.mongodb.net/test?retryWrites=true&w=majority...","timestamp":"2019-12-11T16:00:09.852Z"}
{"level":"info","message":"Database connected to mongodb+srv://jephtah:Character94%40@pkloop-qa5ko.mongodb.net/test?retryWrites=true&w=majority...","timestamp":"2019-12-11T16:02:45.414Z"}
{"level":"info","message":"Database connected to mongodb+srv://jephtah:Character94%40@pkloop-qa5ko.mongodb.net/test?retryWrites=true&w=majority...","timestamp":"2019-12-11T16:05:48.717Z"}
{"level":"info","message":"Database connected to mongodb+srv://jephtah:Character94%40@pkloop-qa5ko.mongodb.net/test?retryWrites=true&w=majority...","timestamp":"2019-12-11T16:06:55.635Z"}
{"level":"info","message":"Database connected to mongodb+srv://jephtah:Character94%40@pkloop-qa5ko.mongodb.net/test?retryWrites=true&w=majority...","timestamp":"2019-12-11T16:12:47.121Z"}
{"level":"info","message":"Database connected to mongodb+srv://jephtah:Character94%40@pkloop-qa5ko.mongodb.net/test?retryWrites=true&w=majority...","timestamp":"2019-12-11T16:13:54.530Z"}
{"level":"info","message":"Database connected to mongodb+srv://jephtah:Character94%40@pkloop-qa5ko.mongodb.net/test?retryWrites=true&w=majority...","timestamp":"2019-12-11T16:16:39.078Z"}
{"level":"info","message":"Database connected to mongodb+srv://jephtah:Character94%40@pkloop-qa5ko.mongodb.net/test?retryWrites=true&w=majority...","timestamp":"2019-12-11T16:20:45.995Z"}
{"level":"info","message":"Database connected to mongodb+srv://jephtah:Character94%40@pkloop-qa5ko.mongodb.net/test?retryWrites=true&w=majority...","timestamp":"2019-12-11T16:23:34.680Z"}
{"level":"info","message":"Database connected to mongodb+srv://jephtah:Character94%40@pkloop-qa5ko.mongodb.net/test?retryWrites=true&w=majority...","timestamp":"2019-12-11T16:28:21.336Z"}
{"level":"info","message":"Database connected to mongodb+srv://jephtah:Character94%40@pkloop-qa5ko.mongodb.net/test?retryWrites=true&w=majority...","timestamp":"2019-12-11T16:48:38.219Z"}
{"level":"info","message":"Database connected to mongodb+srv://jephtah:Character94%40@pkloop-qa5ko.mongodb.net/test?retryWrites=true&w=majority...","timestamp":"2019-12-11T16:53:27.769Z"}
{"level":"info","message":"Database connected to mongodb+srv://jephtah:Character94%40@pkloop-qa5ko.mongodb.net/test?retryWrites=true&w=majority...","timestamp":"2019-12-11T16:53:46.546Z"}
{"level":"info","message":"Database connected to mongodb+srv://jephtah:Character94%40@pkloop-qa5ko.mongodb.net/test?retryWrites=true&w=majority...","timestamp":"2019-12-11T16:55:40.671Z"}
{"level":"info","message":"Database connected to mongodb+srv://jephtah:Character94%40@pkloop-qa5ko.mongodb.net/test?retryWrites=true&w=majority...","timestamp":"2019-12-11T16:56:38.319Z"}
{"level":"info","message":"Database connected to mongodb+srv://jephtah:Character94%40@pkloop-qa5ko.mongodb.net/test?retryWrites=true&w=majority...","timestamp":"2019-12-11T16:59:37.008Z"}
{"level":"info","message":"Database connected to mongodb+srv://jephtah:Character94%40@pkloop-qa5ko.mongodb.net/test?retryWrites=true&w=majority...","timestamp":"2019-12-11T17:00:08.935Z"}
{"level":"info","message":"Database connected to mongodb+srv://jephtah:Character94%40@pkloop-qa5ko.mongodb.net/test?retryWrites=true&w=majority...","timestamp":"2019-12-11T17:00:49.867Z"}
{"level":"info","message":"Database connected to mongodb+srv://jephtah:Character94%40@pkloop-qa5ko.mongodb.net/test?retryWrites=true&w=majority...","timestamp":"2019-12-11T17:01:02.688Z"}
{"level":"info","message":"Database connected to mongodb+srv://jephtah:Character94%40@pkloop-qa5ko.mongodb.net/test?retryWrites=true&w=majority...","timestamp":"2019-12-11T17:01:45.697Z"}
{"level":"info","message":"Database connected to mongodb+srv://jephtah:Character94%40@pkloop-qa5ko.mongodb.net/test?retryWrites=true&w=majority...","timestamp":"2019-12-11T17:02:37.697Z"}
{"level":"info","message":"Database connected to mongodb+srv://jephtah:Character94%40@pkloop-qa5ko.mongodb.net/test?retryWrites=true&w=majority...","timestamp":"2019-12-11T17:04:40.299Z"}
{"level":"info","message":"Database connected to mongodb+srv://jephtah:Character94%40@pkloop-qa5ko.mongodb.net/test?retryWrites=true&w=majority...","timestamp":"2019-12-11T17:09:04.614Z"}
{"level":"info","message":"Database connected to mongodb+srv://jephtah:Character94%40@pkloop-qa5ko.mongodb.net/test?retryWrites=true&w=majority...","timestamp":"2019-12-11T17:09:21.415Z"}
{"level":"info","message":"Database connected to mongodb+srv://jephtah:Character94%40@pkloop-qa5ko.mongodb.net/test?retryWrites=true&w=majority...","timestamp":"2019-12-11T17:10:33.578Z"}
{"level":"info","message":"Database connected to mongodb+srv://jephtah:Character94%40@pkloop-qa5ko.mongodb.net/test?retryWrites=true&w=majority...","timestamp":"2019-12-11T17:22:59.613Z"}
{"level":"info","message":"Database connected to mongodb+srv://jephtah:Character94%40@pkloop-qa5ko.mongodb.net/test?retryWrites=true&w=majority...","timestamp":"2019-12-11T17:23:11.970Z"}
{"level":"info","message":"Database connected to mongodb+srv://jephtah:Character94%40@pkloop-qa5ko.mongodb.net/test?retryWrites=true&w=majority...","timestamp":"2019-12-15T11:08:10.456Z"}
{"level":"info","message":"Database connected to mongodb+srv://jephtah:Character94%40@pkloop-qa5ko.mongodb.net/test?retryWrites=true&w=majority...","timestamp":"2019-12-15T13:14:50.743Z"}
{"level":"info","message":"Database connected to mongodb+srv://jephtah:Character94%40@pkloop-qa5ko.mongodb.net/test?retryWrites=true&w=majority...","timestamp":"2019-12-15T13:34:29.446Z"}
{"level":"info","message":"Database connected to mongodb+srv://jephtah:Character94%40@pkloop-qa5ko.mongodb.net/test?retryWrites=true&w=majority...","timestamp":"2019-12-15T13:34:47.446Z"}
{"level":"info","message":"Database connected to mongodb+srv://jephtah:Character94%40@pkloop-qa5ko.mongodb.net/test?retryWrites=true&w=majority...","timestamp":"2019-12-15T13:38:15.616Z"}
{"level":"info","message":"Database connected to mongodb+srv://jephtah:Character94%40@pkloop-qa5ko.mongodb.net/test?retryWrites=true&w=majority...","timestamp":"2019-12-15T16:53:56.573Z"}
{"level":"info","message":"Database connected to mongodb+srv://jephtah:Character94%40@pkloop-qa5ko.mongodb.net/test?retryWrites=true&w=majority...","timestamp":"2019-12-15T16:59:49.881Z"}
{"level":"info","message":"Database connected to mongodb+srv://jephtah:Character94%40@pkloop-qa5ko.mongodb.net/test?retryWrites=true&w=majority...","timestamp":"2019-12-15T17:01:55.655Z"}
{"level":"info","message":"Database connected to mongodb+srv://jephtah:Character94%40@pkloop-qa5ko.mongodb.net/test?retryWrites=true&w=majority...","timestamp":"2019-12-16T16:21:48.127Z"}
{"level":"info","message":"Database connected to mongodb+srv://jephtah:Character94%40@pkloop-qa5ko.mongodb.net/test?retryWrites=true&w=majority...","timestamp":"2019-12-17T11:47:18.797Z"}
{"level":"info","message":"Database connected to mongodb+srv://jephtah:Character94%40@pkloop-qa5ko.mongodb.net/test?retryWrites=true&w=majority...","timestamp":"2019-12-23T14:28:48.824Z"}
{"level":"info","message":"Database connected to mongodb+srv://jephtah:Character94%40@pkloop-qa5ko.mongodb.net/test?retryWrites=true&w=majority...","timestamp":"2019-12-23T15:08:17.147Z"}
{"level":"info","message":"Database connected to mongodb+srv://jephtah:Character94%40@pkloop-qa5ko.mongodb.net/test?retryWrites=true&w=majority...","timestamp":"2019-12-23T16:03:35.841Z"}
{"level":"info","message":"Database connected to mongodb+srv://jephtah:Character94%40@pkloop-qa5ko.mongodb.net/test?retryWrites=true&w=majority...","timestamp":"2019-12-24T16:23:05.887Z"}
{"level":"info","message":"Database connected to mongodb+srv://jephtah:Character94%40@pkloop-qa5ko.mongodb.net/test?retryWrites=true&w=majority...","timestamp":"2019-12-24T16:44:49.294Z"}
{"level":"info","message":"Database connected to mongodb+srv://jephtah:Character94%40@pkloop-qa5ko.mongodb.net/test?retryWrites=true&w=majority...","timestamp":"2019-12-24T17:19:05.936Z"}
{"level":"info","message":"Database connected to mongodb+srv://jephtah:Character94%40@pkloop-qa5ko.mongodb.net/test?retryWrites=true&w=majority...","timestamp":"2019-12-25T11:20:44.851Z"}
{"level":"info","message":"Database connected to mongodb+srv://jephtah:Character94%40@pkloop-qa5ko.mongodb.net/test?retryWrites=true&w=majority...","timestamp":"2019-12-25T11:20:55.594Z"}
{"level":"info","message":"Database connected to mongodb+srv://jephtah:Character94%40@pkloop-qa5ko.mongodb.net/test?retryWrites=true&w=majority...","timestamp":"2019-12-26T09:21:43.103Z"}
{"level":"info","message":"Database connected to mongodb+srv://jephtah:Character94%40@pkloop-qa5ko.mongodb.net/test?retryWrites=true&w=majority...","timestamp":"2019-12-27T15:59:03.790Z"}
{"level":"info","message":"Database connected to mongodb+srv://jephtah:Character94%40@pkloop-qa5ko.mongodb.net/test?retryWrites=true&w=majority...","timestamp":"2019-12-30T10:18:57.842Z"}
{"level":"info","message":"Database connected to mongodb+srv://jephtah:Character94%40@pkloop-qa5ko.mongodb.net/test?retryWrites=true&w=majority...","timestamp":"2019-12-30T10:27:59.063Z"}
{"level":"info","message":"Database connected to mongodb+srv://jephtah:Character94%40@pkloop-qa5ko.mongodb.net/test?retryWrites=true&w=majority...","timestamp":"2019-12-30T15:27:20.802Z"}
{"level":"info","message":"Database connected to mongodb+srv://jephtah:Character94%40@pkloop-qa5ko.mongodb.net/test?retryWrites=true&w=majority...","timestamp":"2019-12-30T15:30:57.779Z"}
{"level":"info","message":"Database connected to mongodb+srv://jephtah:Character94%40@pkloop-qa5ko.mongodb.net/test?retryWrites=true&w=majority...","timestamp":"2019-12-30T15:37:12.491Z"}
{"level":"info","message":"Database connected to mongodb+srv://jephtah:Character94%40@pkloop-qa5ko.mongodb.net/test?retryWrites=true&w=majority...","timestamp":"2019-12-30T15:37:42.227Z"}
{"level":"info","message":"Database connected to mongodb+srv://jephtah:Character94%40@pkloop-qa5ko.mongodb.net/test?retryWrites=true&w=majority...","timestamp":"2019-12-30T15:38:11.896Z"}
{"level":"info","message":"Database connected to mongodb+srv://jephtah:Character94%40@pkloop-qa5ko.mongodb.net/test?retryWrites=true&w=majority...","timestamp":"2019-12-30T15:38:30.242Z"}
{"level":"info","message":"Database connected to mongodb+srv://jephtah:Character94%40@pkloop-qa5ko.mongodb.net/test?retryWrites=true&w=majority...","timestamp":"2019-12-30T15:39:01.962Z"}
{"level":"info","message":"Database connected to mongodb+srv://jephtah:Character94%40@pkloop-qa5ko.mongodb.net/test?retryWrites=true&w=majority...","timestamp":"2019-12-30T15:39:14.152Z"}
{"level":"info","message":"Database connected to mongodb+srv://jephtah:Character94%40@pkloop-qa5ko.mongodb.net/test?retryWrites=true&w=majority...","timestamp":"2019-12-30T15:39:24.568Z"}
{"level":"info","message":"Database connected to mongodb+srv://jephtah:Character94%40@pkloop-qa5ko.mongodb.net/test?retryWrites=true&w=majority...","timestamp":"2019-12-30T15:41:06.243Z"}
{"level":"info","message":"Database connected to mongodb+srv://jephtah:Character94%40@pkloop-qa5ko.mongodb.net/test?retryWrites=true&w=majority...","timestamp":"2019-12-30T15:41:56.924Z"}
{"level":"info","message":"Database connected to mongodb+srv://jephtah:Character94%40@pkloop-qa5ko.mongodb.net/test?retryWrites=true&w=majority...","timestamp":"2019-12-30T16:09:30.075Z"}
{"level":"info","message":"Database connected to mongodb+srv://jephtah:Character94%40@pkloop-qa5ko.mongodb.net/test?retryWrites=true&w=majority...","timestamp":"2019-12-30T16:12:30.229Z"}
{"level":"info","message":"Database connected to mongodb+srv://jephtah:Character94%40@pkloop-qa5ko.mongodb.net/test?retryWrites=true&w=majority...","timestamp":"2019-12-30T16:13:59.588Z"}
{"level":"info","message":"Database connected to mongodb+srv://jephtah:Character94%40@pkloop-qa5ko.mongodb.net/test?retryWrites=true&w=majority...","timestamp":"2019-12-30T16:14:11.891Z"}
{"level":"info","message":"Database connected to mongodb+srv://jephtah:Character94%40@pkloop-qa5ko.mongodb.net/test?retryWrites=true&w=majority...","timestamp":"2019-12-30T16:14:31.128Z"}
{"level":"info","message":"Database connected to mongodb+srv://jephtah:Character94%40@pkloop-qa5ko.mongodb.net/test?retryWrites=true&w=majority...","timestamp":"2019-12-30T16:15:11.633Z"}
{"level":"info","message":"Database connected to mongodb+srv://jephtah:Character94%40@pkloop-qa5ko.mongodb.net/test?retryWrites=true&w=majority...","timestamp":"2019-12-30T16:25:19.450Z"}
{"level":"info","message":"Database connected to mongodb+srv://jephtah:Character94%40@pkloop-qa5ko.mongodb.net/test?retryWrites=true&w=majority...","timestamp":"2019-12-30T16:26:49.023Z"}
{"level":"info","message":"Database connected to mongodb+srv://jephtah:Character94%40@pkloop-qa5ko.mongodb.net/test?retryWrites=true&w=majority...","timestamp":"2019-12-30T16:27:31.762Z"}
{"level":"info","message":"Database connected to mongodb+srv://jephtah:Character94%40@pkloop-qa5ko.mongodb.net/test?retryWrites=true&w=majority...","timestamp":"2019-12-30T16:27:55.133Z"}
{"level":"info","message":"Database connected to mongodb+srv://jephtah:Character94%40@pkloop-qa5ko.mongodb.net/test?retryWrites=true&w=majority...","timestamp":"2019-12-30T16:28:53.818Z"}
{"level":"info","message":"Database connected to mongodb+srv://jephtah:Character94%40@pkloop-qa5ko.mongodb.net/test?retryWrites=true&w=majority...","timestamp":"2019-12-30T16:29:26.306Z"}
{"level":"info","message":"Database connected to mongodb+srv://jephtah:Character94%40@pkloop-qa5ko.mongodb.net/test?retryWrites=true&w=majority...","timestamp":"2019-12-30T16:30:24.658Z"}
{"level":"info","message":"Database connected to mongodb+srv://jephtah:Character94%40@pkloop-qa5ko.mongodb.net/test?retryWrites=true&w=majority...","timestamp":"2019-12-30T16:30:40.202Z"}
{"level":"info","message":"Database connected to mongodb+srv://jephtah:Character94%40@pkloop-qa5ko.mongodb.net/test?retryWrites=true&w=majority...","timestamp":"2019-12-30T16:30:46.195Z"}
{"level":"info","message":"Database connected to mongodb+srv://jephtah:Character94%40@pkloop-qa5ko.mongodb.net/test?retryWrites=true&w=majority...","timestamp":"2019-12-30T16:35:35.391Z"}
{"level":"info","message":"Database connected to mongodb+srv://jephtah:Character94%40@pkloop-qa5ko.mongodb.net/test?retryWrites=true&w=majority...","timestamp":"2019-12-30T16:35:51.354Z"}
{"level":"info","message":"Database connected to mongodb+srv://jephtah:Character94%40@pkloop-qa5ko.mongodb.net/test?retryWrites=true&w=majority...","timestamp":"2019-12-30T16:38:28.456Z"}
{"level":"info","message":"Database connected to mongodb+srv://jephtah:Character94%40@pkloop-qa5ko.mongodb.net/test?retryWrites=true&w=majority...","timestamp":"2019-12-30T16:39:44.056Z"}
{"level":"info","message":"Database connected to mongodb+srv://jephtah:Character94%40@pkloop-qa5ko.mongodb.net/test?retryWrites=true&w=majority...","timestamp":"2019-12-30T16:41:07.871Z"}
{"level":"info","message":"Database connected to mongodb+srv://jephtah:Character94%40@pkloop-qa5ko.mongodb.net/test?retryWrites=true&w=majority...","timestamp":"2019-12-30T16:41:39.474Z"}
{"level":"info","message":"Database connected to mongodb+srv://jephtah:Character94%40@pkloop-qa5ko.mongodb.net/test?retryWrites=true&w=majority...","timestamp":"2019-12-30T16:41:53.704Z"}
{"level":"info","message":"Database connected to mongodb+srv://jephtah:Character94%40@pkloop-qa5ko.mongodb.net/test?retryWrites=true&w=majority...","timestamp":"2019-12-30T16:44:12.914Z"}
{"level":"info","message":"Database connected to mongodb+srv://jephtah:Character94%40@pkloop-qa5ko.mongodb.net/test?retryWrites=true&w=majority...","timestamp":"2019-12-30T17:39:28.341Z"}
{"level":"info","message":"Database connected to mongodb+srv://jephtah:Character94%40@pkloop-qa5ko.mongodb.net/test?retryWrites=true&w=majority...","timestamp":"2019-12-30T17:40:09.170Z"}
{"level":"info","message":"Database connected to mongodb+srv://jephtah:Character94%40@pkloop-qa5ko.mongodb.net/test?retryWrites=true&w=majority...","timestamp":"2019-12-30T17:42:23.494Z"}
{"level":"info","message":"Database connected to mongodb+srv://jephtah:Character94%40@pkloop-qa5ko.mongodb.net/test?retryWrites=true&w=majority...","timestamp":"2019-12-30T17:42:49.350Z"}
{"level":"info","message":"Database connected to mongodb+srv://jephtah:Character94%40@pkloop-qa5ko.mongodb.net/test?retryWrites=true&w=majority...","timestamp":"2019-12-30T17:42:57.326Z"}
{"level":"info","message":"Database connected to mongodb+srv://jephtah:Character94%40@pkloop-qa5ko.mongodb.net/test?retryWrites=true&w=majority...","timestamp":"2019-12-31T02:45:44.855Z"}
{"level":"info","message":"Database connected to mongodb+srv://jephtah:Character94%40@pkloop-qa5ko.mongodb.net/test?retryWrites=true&w=majority...","timestamp":"2019-12-31T02:47:17.869Z"}
{"level":"info","message":"Database connected to mongodb+srv://jephtah:Character94%40@pkloop-qa5ko.mongodb.net/test?retryWrites=true&w=majority...","timestamp":"2019-12-31T02:51:04.674Z"}
{"level":"info","message":"Database connected to mongodb+srv://jephtah:Character94%40@pkloop-qa5ko.mongodb.net/test?retryWrites=true&w=majority...","timestamp":"2019-12-31T02:55:10.783Z"}
{"level":"info","message":"Database connected to mongodb+srv://jephtah:Character94%40@pkloop-qa5ko.mongodb.net/test?retryWrites=true&w=majority...","timestamp":"2019-12-31T02:55:38.550Z"}
{"level":"info","message":"Database connected to mongodb+srv://jephtah:Character94%40@pkloop-qa5ko.mongodb.net/test?retryWrites=true&w=majority...","timestamp":"2020-01-03T05:59:35.569Z"}
{"level":"info","message":"Database connected to mongodb+srv://jephtah:Character94%40@pkloop-qa5ko.mongodb.net/test?retryWrites=true&w=majority...","timestamp":"2020-01-03T06:01:20.637Z"}
{"level":"info","message":"Database connected to mongodb+srv://jephtah:Character94%40@pkloop-qa5ko.mongodb.net/test?retryWrites=true&w=majority...","timestamp":"2020-01-03T06:02:19.627Z"}
{"level":"info","message":"Database connected to mongodb+srv://jephtah:Character94%40@pkloop-qa5ko.mongodb.net/test?retryWrites=true&w=majority...","timestamp":"2020-01-03T06:02:46.762Z"}
{"level":"info","message":"Database connected to mongodb+srv://jephtah:Character94%40@pkloop-qa5ko.mongodb.net/test?retryWrites=true&w=majority...","timestamp":"2020-01-04T20:31:25.134Z"}
{"level":"info","message":"Database connected to mongodb+srv://jephtah:Character94%40@pkloop-qa5ko.mongodb.net/test?retryWrites=true&w=majority...","timestamp":"2020-01-04T20:39:58.697Z"}
{"level":"info","message":"Database connected to mongodb+srv://jephtah:Character94%40@pkloop-qa5ko.mongodb.net/test?retryWrites=true&w=majority...","timestamp":"2020-01-04T20:50:47.223Z"}
{"level":"info","message":"Database connected to mongodb+srv://jephtah:Character94%40@pkloop-qa5ko.mongodb.net/test?retryWrites=true&w=majority...","timestamp":"2020-01-04T20:52:47.518Z"}
{"level":"info","message":"Database connected to mongodb+srv://jephtah:Character94%40@pkloop-qa5ko.mongodb.net/test?retryWrites=true&w=majority...","timestamp":"2020-01-04T20:53:55.211Z"}
{"level":"info","message":"Database connected to mongodb+srv://jephtah:Character94%40@pkloop-qa5ko.mongodb.net/test?retryWrites=true&w=majority...","timestamp":"2020-01-04T20:54:21.168Z"}
{"level":"info","message":"Database connected to mongodb+srv://jephtah:Character94%40@pkloop-qa5ko.mongodb.net/test?retryWrites=true&w=majority...","timestamp":"2020-01-04T20:56:10.469Z"}
{"level":"info","message":"Database connected to mongodb+srv://jephtah:Character94%40@pkloop-qa5ko.mongodb.net/test?retryWrites=true&w=majority...","timestamp":"2020-01-04T20:56:16.687Z"}
{"level":"info","message":"Database connected to mongodb+srv://jephtah:Character94%40@pkloop-qa5ko.mongodb.net/test?retryWrites=true&w=majority...","timestamp":"2020-01-04T20:56:40.304Z"}
{"level":"info","message":"Database connected to mongodb+srv://jephtah:Character94%40@pkloop-qa5ko.mongodb.net/test?retryWrites=true&w=majority...","timestamp":"2020-01-04T20:57:35.818Z"}
{"level":"info","message":"Database connected to mongodb+srv://jephtah:Character94%40@pkloop-qa5ko.mongodb.net/test?retryWrites=true&w=majority...","timestamp":"2020-01-04T21:16:05.680Z"}
{"level":"info","message":"Database connected to mongodb+srv://jephtah:Character94%40@pkloop-qa5ko.mongodb.net/test?retryWrites=true&w=majority...","timestamp":"2020-01-05T17:06:39.178Z"}
{"level":"info","message":"Database connected to mongodb://localhost:27017/pkloop...","timestamp":"2020-01-05T17:19:40.038Z"}
{"level":"info","message":"Database connected to mongodb+srv://jephtah:Character94%40@pkloop-qa5ko.mongodb.net/test?retryWrites=true&w=majority...","timestamp":"2020-01-05T17:21:29.189Z"}
{"level":"info","message":"Database connected to mongodb://localhost:27017/pkloop...","timestamp":"2020-01-05T17:21:48.581Z"}
{"level":"info","message":"Database connected to mongodb+srv://jephtah:Character94%40@pkloop-qa5ko.mongodb.net/test?retryWrites=true&w=majority...","timestamp":"2020-01-05T17:22:34.834Z"}
{"level":"info","message":"Database connected to mongodb+srv://jephtah:Character94%40@pkloop-qa5ko.mongodb.net/test?retryWrites=true&w=majority...","timestamp":"2020-01-06T03:24:40.182Z"}
{"level":"info","message":"Database connected to mongodb+srv://jephtah:Character94%40@pkloop-qa5ko.mongodb.net/test?retryWrites=true&w=majority...","timestamp":"2020-01-06T03:27:32.072Z"}
{"level":"info","message":"Database connected to mongodb+srv://jephtah:Character94%40@pkloop-qa5ko.mongodb.net/test?retryWrites=true&w=majority...","timestamp":"2020-01-06T03:46:02.696Z"}
{"level":"info","message":"Database connected to mongodb+srv://jephtah:Character94%40@pkloop-qa5ko.mongodb.net/test?retryWrites=true&w=majority...","timestamp":"2020-01-06T03:46:25.504Z"}
{"level":"info","message":"Database connected to mongodb+srv://jephtah:Character94%40@pkloop-qa5ko.mongodb.net/test?retryWrites=true&w=majority...","timestamp":"2020-01-06T03:46:39.265Z"}
{"level":"info","message":"Database connected to mongodb+srv://jephtah:Character94%40@pkloop-qa5ko.mongodb.net/test?retryWrites=true&w=majority...","timestamp":"2020-01-06T03:49:44.977Z"}
{"level":"info","message":"Database connected to mongodb+srv://jephtah:Character94%40@pkloop-qa5ko.mongodb.net/test?retryWrites=true&w=majority...","timestamp":"2020-01-06T03:59:23.528Z"}
{"level":"info","message":"Database connected to mongodb+srv://jephtah:Character94%40@pkloop-qa5ko.mongodb.net/test?retryWrites=true&w=majority...","timestamp":"2020-01-06T04:00:11.352Z"}
{"level":"info","message":"Database connected to mongodb+srv://jephtah:Character94%40@pkloop-qa5ko.mongodb.net/test?retryWrites=true&w=majority...","timestamp":"2020-01-06T04:01:54.273Z"}
{"level":"info","message":"Database connected to mongodb+srv://jephtah:Character94%40@pkloop-qa5ko.mongodb.net/test?retryWrites=true&w=majority...","timestamp":"2020-01-06T04:02:17.710Z"}
{"level":"info","message":"Database connected to mongodb+srv://jephtah:Character94%40@pkloop-qa5ko.mongodb.net/test?retryWrites=true&w=majority...","timestamp":"2020-01-06T04:03:43.345Z"}
{"level":"info","message":"Database connected to mongodb+srv://jephtah:Character94%40@pkloop-qa5ko.mongodb.net/test?retryWrites=true&w=majority...","timestamp":"2020-01-06T04:06:22.362Z"}
{"level":"info","message":"Database connected to mongodb+srv://jephtah:Character94%40@pkloop-qa5ko.mongodb.net/test?retryWrites=true&w=majority...","timestamp":"2020-01-06T04:07:35.653Z"}
{"level":"info","message":"Database connected to mongodb+srv://jephtah:Character94%40@pkloop-qa5ko.mongodb.net/test?retryWrites=true&w=majority...","timestamp":"2020-01-06T04:07:56.021Z"}
{"level":"info","message":"Database connected to mongodb+srv://jephtah:Character94%40@pkloop-qa5ko.mongodb.net/test?retryWrites=true&w=majority...","timestamp":"2020-01-06T04:08:11.637Z"}
{"level":"info","message":"Database connected to mongodb+srv://jephtah:Character94%40@pkloop-qa5ko.mongodb.net/test?retryWrites=true&w=majority...","timestamp":"2020-01-06T04:08:35.271Z"}
{"level":"info","message":"Database connected to mongodb+srv://jephtah:Character94%40@pkloop-qa5ko.mongodb.net/test?retryWrites=true&w=majority...","timestamp":"2020-01-06T04:09:01.289Z"}
{"level":"info","message":"Database connected to mongodb+srv://jephtah:Character94%40@pkloop-qa5ko.mongodb.net/test?retryWrites=true&w=majority...","timestamp":"2020-01-06T04:09:10.059Z"}
{"level":"info","message":"Database connected to mongodb+srv://jephtah:Character94%40@pkloop-qa5ko.mongodb.net/test?retryWrites=true&w=majority...","timestamp":"2020-01-06T04:12:38.779Z"}
{"level":"info","message":"Database connected to mongodb+srv://jephtah:Character94%40@pkloop-qa5ko.mongodb.net/test?retryWrites=true&w=majority...","timestamp":"2020-01-06T04:14:05.852Z"}
{"level":"info","message":"Database connected to mongodb+srv://jephtah:Character94%40@pkloop-qa5ko.mongodb.net/test?retryWrites=true&w=majority...","timestamp":"2020-01-06T04:14:59.367Z"}
{"level":"info","message":"Database connected to mongodb+srv://jephtah:Character94%40@pkloop-qa5ko.mongodb.net/test?retryWrites=true&w=majority...","timestamp":"2020-01-06T04:15:56.744Z"}
{"level":"info","message":"Database connected to mongodb+srv://jephtah:Character94%40@pkloop-qa5ko.mongodb.net/test?retryWrites=true&w=majority...","timestamp":"2020-01-06T04:18:42.040Z"}
{"level":"info","message":"Database connected to mongodb+srv://jephtah:Character94%40@pkloop-qa5ko.mongodb.net/test?retryWrites=true&w=majority...","timestamp":"2020-01-06T04:19:32.761Z"}
{"level":"info","message":"Database connected to mongodb+srv://jephtah:Character94%40@pkloop-qa5ko.mongodb.net/test?retryWrites=true&w=majority...","timestamp":"2020-01-06T04:26:18.085Z"}
{"level":"info","message":"Database connected to mongodb+srv://jephtah:Character94%40@pkloop-qa5ko.mongodb.net/test?retryWrites=true&w=majority...","timestamp":"2020-01-06T04:27:11.778Z"}
{"level":"info","message":"Database connected to mongodb+srv://jephtah:Character94%40@pkloop-qa5ko.mongodb.net/test?retryWrites=true&w=majority...","timestamp":"2020-01-06T04:41:37.316Z"}
{"level":"info","message":"Database connected to mongodb+srv://jephtah:Character94%40@pkloop-qa5ko.mongodb.net/test?retryWrites=true&w=majority...","timestamp":"2020-01-06T04:42:55.246Z"}
{"level":"info","message":"Database connected to mongodb+srv://jephtah:Character94%40@pkloop-qa5ko.mongodb.net/test?retryWrites=true&w=majority...","timestamp":"2020-01-06T04:52:58.364Z"}
{"level":"info","message":"Database connected to mongodb+srv://jephtah:Character94%40@pkloop-qa5ko.mongodb.net/test?retryWrites=true&w=majority...","timestamp":"2020-01-06T04:55:06.850Z"}
{"level":"info","message":"Database connected to mongodb+srv://jephtah:Character94%40@pkloop-qa5ko.mongodb.net/test?retryWrites=true&w=majority...","timestamp":"2020-01-06T13:23:07.066Z"}
{"level":"info","message":"Database connected to mongodb+srv://jephtah:Character94%40@pkloop-qa5ko.mongodb.net/test?retryWrites=true&w=majority...","timestamp":"2020-01-06T13:24:07.937Z"}
{"level":"info","message":"Database connected to mongodb+srv://jephtah:Character94%40@pkloop-qa5ko.mongodb.net/test?retryWrites=true&w=majority...","timestamp":"2020-01-07T00:44:27.488Z"}
{"level":"info","message":"Database connected to mongodb+srv://jephtah:Character94%40@pkloop-qa5ko.mongodb.net/test?retryWrites=true&w=majority...","timestamp":"2020-01-07T00:51:38.505Z"}
{"level":"info","message":"Database connected to mongodb+srv://jephtah:Character94%40@pkloop-qa5ko.mongodb.net/test?retryWrites=true&w=majority...","timestamp":"2020-01-07T00:53:29.436Z"}
{"level":"info","message":"Database connected to mongodb+srv://jephtah:Character94%40@pkloop-qa5ko.mongodb.net/test?retryWrites=true&w=majority...","timestamp":"2020-01-07T00:56:55.312Z"}
{"level":"info","message":"Database connected to mongodb+srv://jephtah:Character94%40@pkloop-qa5ko.mongodb.net/test?retryWrites=true&w=majority...","timestamp":"2020-01-07T01:01:09.853Z"}
{"level":"info","message":"Database connected to mongodb+srv://jephtah:Character94%40@pkloop-qa5ko.mongodb.net/test?retryWrites=true&w=majority...","timestamp":"2020-01-07T01:02:16.921Z"}
{"level":"info","message":"Database connected to mongodb+srv://jephtah:Character94%40@pkloop-qa5ko.mongodb.net/test?retryWrites=true&w=majority...","timestamp":"2020-01-07T01:09:16.872Z"}
{"level":"info","message":"Database connected to mongodb+srv://jephtah:Character94%40@pkloop-qa5ko.mongodb.net/test?retryWrites=true&w=majority...","timestamp":"2020-01-07T01:11:53.964Z"}
{"level":"info","message":"Database connected to mongodb+srv://jephtah:Character94%40@pkloop-qa5ko.mongodb.net/test?retryWrites=true&w=majority...","timestamp":"2020-01-07T01:14:40.765Z"}
{"level":"info","message":"Database connected to mongodb+srv://jephtah:Character94%40@pkloop-qa5ko.mongodb.net/test?retryWrites=true&w=majority...","timestamp":"2020-01-07T01:16:19.644Z"}
{"level":"info","message":"Database connected to mongodb+srv://jephtah:Character94%40@pkloop-qa5ko.mongodb.net/test?retryWrites=true&w=majority...","timestamp":"2020-01-07T01:16:33.951Z"}
{"level":"info","message":"Database connected to mongodb+srv://jephtah:Character94%40@pkloop-qa5ko.mongodb.net/test?retryWrites=true&w=majority...","timestamp":"2020-01-07T01:19:24.156Z"}
{"level":"info","message":"Database connected to mongodb+srv://jephtah:Character94%40@pkloop-qa5ko.mongodb.net/test?retryWrites=true&w=majority...","timestamp":"2020-01-07T01:24:12.998Z"}
{"level":"info","message":"Database connected to mongodb+srv://jephtah:Character94%40@pkloop-qa5ko.mongodb.net/test?retryWrites=true&w=majority...","timestamp":"2020-01-07T01:25:10.778Z"}
{"level":"info","message":"Database connected to mongodb+srv://jephtah:Character94%40@pkloop-qa5ko.mongodb.net/test?retryWrites=true&w=majority...","timestamp":"2020-01-07T01:37:21.258Z"}
{"level":"info","message":"Database connected to mongodb+srv://jephtah:Character94%40@pkloop-qa5ko.mongodb.net/test?retryWrites=true&w=majority...","timestamp":"2020-01-07T01:38:12.828Z"}
{"level":"info","message":"Database connected to mongodb+srv://jephtah:Character94%40@pkloop-qa5ko.mongodb.net/test?retryWrites=true&w=majority...","timestamp":"2020-01-07T01:57:03.288Z"}
{"level":"info","message":"Database connected to mongodb+srv://jephtah:Character94%40@pkloop-qa5ko.mongodb.net/test?retryWrites=true&w=majority...","timestamp":"2020-01-07T01:57:37.258Z"}
{"level":"info","message":"Database connected to mongodb+srv://jephtah:Character94%40@pkloop-qa5ko.mongodb.net/test?retryWrites=true&w=majority...","timestamp":"2020-01-07T01:58:33.912Z"}
{"level":"info","message":"Database connected to mongodb+srv://jephtah:Character94%40@pkloop-qa5ko.mongodb.net/test?retryWrites=true&w=majority...","timestamp":"2020-01-07T01:59:22.829Z"}
{"level":"info","message":"Database connected to mongodb+srv://jephtah:Character94%40@pkloop-qa5ko.mongodb.net/test?retryWrites=true&w=majority...","timestamp":"2020-01-07T02:02:36.609Z"}
{"level":"info","message":"Database connected to mongodb+srv://jephtah:Character94%40@pkloop-qa5ko.mongodb.net/test?retryWrites=true&w=majority...","timestamp":"2020-01-07T02:04:38.754Z"}
{"level":"info","message":"Database connected to mongodb+srv://jephtah:Character94%40@pkloop-qa5ko.mongodb.net/test?retryWrites=true&w=majority...","timestamp":"2020-01-07T02:05:43.815Z"}
{"level":"info","message":"Database connected to mongodb+srv://jephtah:Character94%40@pkloop-qa5ko.mongodb.net/test?retryWrites=true&w=majority...","timestamp":"2020-01-07T02:07:36.980Z"}
{"level":"info","message":"Database connected to mongodb+srv://jephtah:Character94%40@pkloop-qa5ko.mongodb.net/test?retryWrites=true&w=majority...","timestamp":"2020-01-07T02:09:22.129Z"}
{"level":"info","message":"Database connected to mongodb+srv://jephtah:Character94%40@pkloop-qa5ko.mongodb.net/test?retryWrites=true&w=majority...","timestamp":"2020-01-07T02:10:01.141Z"}
{"level":"info","message":"Database connected to mongodb+srv://jephtah:Character94%40@pkloop-qa5ko.mongodb.net/test?retryWrites=true&w=majority...","timestamp":"2020-01-07T02:10:40.128Z"}
{"level":"info","message":"Database connected to mongodb+srv://jephtah:Character94%40@pkloop-qa5ko.mongodb.net/test?retryWrites=true&w=majority...","timestamp":"2020-01-07T02:13:06.385Z"}
{"level":"info","message":"Database connected to mongodb+srv://jephtah:Character94%40@pkloop-qa5ko.mongodb.net/test?retryWrites=true&w=majority...","timestamp":"2020-01-07T02:14:11.709Z"}
{"level":"info","message":"Database connected to mongodb+srv://jephtah:Character94%40@pkloop-qa5ko.mongodb.net/test?retryWrites=true&w=majority...","timestamp":"2020-01-07T02:15:20.025Z"}
{"level":"info","message":"Database connected to mongodb+srv://jephtah:Character94%40@pkloop-qa5ko.mongodb.net/test?retryWrites=true&w=majority...","timestamp":"2020-01-07T02:16:59.780Z"}
{"level":"info","message":"Database connected to mongodb+srv://jephtah:Character94%40@pkloop-qa5ko.mongodb.net/test?retryWrites=true&w=majority...","timestamp":"2020-01-07T02:18:20.225Z"}
{"level":"info","message":"Database connected to mongodb+srv://jephtah:Character94%40@pkloop-qa5ko.mongodb.net/test?retryWrites=true&w=majority...","timestamp":"2020-01-07T02:22:48.232Z"}
{"level":"info","message":"Database connected to mongodb+srv://jephtah:Character94%40@pkloop-qa5ko.mongodb.net/test?retryWrites=true&w=majority...","timestamp":"2020-01-07T02:24:29.618Z"}
{"level":"info","message":"Database connected to mongodb+srv://jephtah:Character94%40@pkloop-qa5ko.mongodb.net/test?retryWrites=true&w=majority...","timestamp":"2020-01-08T19:09:36.523Z"}
{"level":"info","message":"Database connected to mongodb+srv://jephtah:Character94%40@pkloop-qa5ko.mongodb.net/test?retryWrites=true&w=majority...","timestamp":"2020-01-11T04:03:33.544Z"}
{"level":"info","message":"Database connected to mongodb+srv://jephtah:Character94%40@pkloop-qa5ko.mongodb.net/test?retryWrites=true&w=majority...","timestamp":"2020-01-11T04:19:30.597Z"}
{"level":"info","message":"Database connected to mongodb+srv://jephtah:Character94%40@pkloop-qa5ko.mongodb.net/test?retryWrites=true&w=majority...","timestamp":"2020-01-11T09:18:46.378Z"}
{"level":"info","message":"Database connected to mongodb+srv://external_user:h0rph0rp@cluster0-zy6wo.mongodb.net/test?retryWrites=true&w=majority...","timestamp":"2020-01-11T09:37:00.160Z"}
{"level":"info","message":"Database connected to mongodb+srv://external_user:h0rph0rp@cluster0-zy6wo.mongodb.net/test?retryWrites=true&w=majority...","timestamp":"2020-01-11T09:57:58.920Z"}
{"level":"info","message":"Database connected to mongodb+srv://jephtah:Character94%40@pkloop-qa5ko.mongodb.net/test?retryWrites=true&w=majority...","timestamp":"2020-01-11T08:02:25.309Z"}
{"level":"info","message":"Database connected to mongodb+srv://jephtah:Character94%40@pkloop-qa5ko.mongodb.net/test?retryWrites=true&w=majority...","timestamp":"2020-01-11T08:06:00.505Z"}
{"level":"info","message":"Database connected to mongodb+srv://jephtah:Character94%40@pkloop-qa5ko.mongodb.net/test?retryWrites=true&w=majority...","timestamp":"2020-01-11T08:06:33.631Z"}
{"level":"info","message":"Database connected to mongodb+srv://jephtah:Character94%40@pkloop-qa5ko.mongodb.net/test?retryWrites=true&w=majority...","timestamp":"2020-01-11T08:07:11.824Z"}
{"level":"info","message":"Database connected to mongodb+srv://jephtah:Character94%40@pkloop-qa5ko.mongodb.net/test?retryWrites=true&w=majority...","timestamp":"2020-01-11T08:08:01.386Z"}
{"level":"info","message":"Database connected to mongodb+srv://jephtah:Character94%40@pkloop-qa5ko.mongodb.net/test?retryWrites=true&w=majority...","timestamp":"2020-01-11T14:02:14.423Z"}
{"level":"info","message":"Database connected to mongodb+srv://jephtah:Character94%40@pkloop-qa5ko.mongodb.net/test?retryWrites=true&w=majority...","timestamp":"2020-01-11T14:14:57.976Z"}
{"level":"info","message":"Database connected to mongodb+srv://jephtah:Character94%40@pkloop-qa5ko.mongodb.net/test?retryWrites=true&w=majority...","timestamp":"2020-01-15T07:01:36.783Z"}
{"level":"info","message":"Database connected to mongodb+srv://jephtah:Character94%40@pkloop-qa5ko.mongodb.net/test?retryWrites=true&w=majority...","timestamp":"2020-01-15T09:56:12.649Z"}
{"level":"info","message":"Database connected to mongodb+srv://jephtah:Character94%40@pkloop-qa5ko.mongodb.net/test?retryWrites=true&w=majority...","timestamp":"2020-01-15T10:00:14.057Z"}
{"level":"info","message":"Database connected to mongodb+srv://jephtah:Character94%40@pkloop-qa5ko.mongodb.net/test?retryWrites=true&w=majority...","timestamp":"2020-01-15T10:09:00.283Z"}
{"level":"info","message":"Database connected to mongodb+srv://jephtah:Character94%40@pkloop-qa5ko.mongodb.net/test?retryWrites=true&w=majority...","timestamp":"2020-01-15T10:10:21.175Z"}
{"level":"info","message":"Database connected to mongodb+srv://jephtah:Character94%40@pkloop-qa5ko.mongodb.net/test?retryWrites=true&w=majority...","timestamp":"2020-01-15T10:11:58.008Z"}
{"level":"info","message":"Database connected to mongodb+srv://jephtah:Character94%40@pkloop-qa5ko.mongodb.net/test?retryWrites=true&w=majority...","timestamp":"2020-01-15T10:12:06.576Z"}
{"level":"info","message":"Database connected to mongodb+srv://jephtah:Character94%40@pkloop-qa5ko.mongodb.net/test?retryWrites=true&w=majority...","timestamp":"2020-01-15T10:12:25.515Z"}
{"level":"info","message":"Database connected to mongodb+srv://jephtah:Character94%40@pkloop-qa5ko.mongodb.net/test?retryWrites=true&w=majority...","timestamp":"2020-01-15T10:12:52.240Z"}
{"level":"info","message":"Database connected to mongodb+srv://jephtah:Character94%40@pkloop-qa5ko.mongodb.net/test?retryWrites=true&w=majority...","timestamp":"2020-01-15T10:21:00.995Z"}
{"level":"info","message":"Database connected to mongodb+srv://jephtah:Character94%40@pkloop-qa5ko.mongodb.net/test?retryWrites=true&w=majority...","timestamp":"2020-01-15T10:24:46.791Z"}
{"level":"info","message":"Database connected to mongodb+srv://jephtah:Character94%40@pkloop-qa5ko.mongodb.net/test?retryWrites=true&w=majority...","timestamp":"2020-01-15T10:29:26.447Z"}
{"level":"info","message":"Database connected to mongodb+srv://jephtah:Character94%40@pkloop-qa5ko.mongodb.net/test?retryWrites=true&w=majority...","timestamp":"2020-01-15T10:31:48.745Z"}
{"level":"info","message":"Database connected to mongodb+srv://jephtah:Character94%40@pkloop-qa5ko.mongodb.net/test?retryWrites=true&w=majority...","timestamp":"2020-01-15T10:32:33.736Z"}
{"level":"info","message":"Database connected to mongodb+srv://jephtah:Character94%40@pkloop-qa5ko.mongodb.net/test?retryWrites=true&w=majority...","timestamp":"2020-01-15T10:34:33.585Z"}
{"level":"info","message":"Database connected to mongodb+srv://jephtah:Character94%40@pkloop-qa5ko.mongodb.net/test?retryWrites=true&w=majority...","timestamp":"2020-01-15T10:36:44.733Z"}
{"level":"info","message":"Database connected to mongodb+srv://jephtah:Character94%40@pkloop-qa5ko.mongodb.net/test?retryWrites=true&w=majority...","timestamp":"2020-01-15T10:36:53.363Z"}
{"level":"info","message":"Database connected to mongodb+srv://jephtah:Character94%40@pkloop-qa5ko.mongodb.net/test?retryWrites=true&w=majority...","timestamp":"2020-01-15T10:36:59.526Z"}
{"level":"info","message":"Database connected to mongodb+srv://jephtah:Character94%40@pkloop-qa5ko.mongodb.net/test?retryWrites=true&w=majority...","timestamp":"2020-01-15T10:38:07.619Z"}
{"level":"info","message":"Database connected to mongodb+srv://jephtah:Character94%40@pkloop-qa5ko.mongodb.net/test?retryWrites=true&w=majority...","timestamp":"2020-01-15T10:39:20.705Z"}
{"level":"info","message":"Database connected to mongodb+srv://jephtah:Character94%40@pkloop-qa5ko.mongodb.net/test?retryWrites=true&w=majority...","timestamp":"2020-01-15T10:39:28.877Z"}
{"level":"info","message":"Database connected to mongodb+srv://jephtah:Character94%40@pkloop-qa5ko.mongodb.net/test?retryWrites=true&w=majority...","timestamp":"2020-01-15T10:40:03.768Z"}
